<?xml version="1.0" encoding="UTF-8"?>
<testsuite name="br.com.mylittlepet.web.service.rest.PetRestTest" time="4.19" tests="5" errors="4" skipped="0" failures="0">
  <properties>
[...]
</properties>
  <testcase name="testCadastrarPet" classname="br.com.mylittlepet.web.service.rest.PetRestTest" time="1.079">
    <error message="javax.ws.rs.WebApplicationException: HTTP 500 Internal Server Error" type="com.sun.jersey.api.client.ClientHandlerException"><![CDATA[com.sun.jersey.api.client.ClientHandlerException: javax.ws.rs.WebApplicationException: HTTP 500 Internal Server Error
	at java.net.DualStackPlainSocketImpl.connect0(Native Method)
	at java.net.DualStackPlainSocketImpl.socketConnect(DualStackPlainSocketImpl.java:79)
	at java.net.AbstractPlainSocketImpl.doConnect(AbstractPlainSocketImpl.java:345)
	at java.net.AbstractPlainSocketImpl.connectToAddress(AbstractPlainSocketImpl.java:206)
	at java.net.AbstractPlainSocketImpl.connect(AbstractPlainSocketImpl.java:188)
	at java.net.PlainSocketImpl.connect(PlainSocketImpl.java:172)
	at java.net.SocksSocketImpl.connect(SocksSocketImpl.java:392)
	at java.net.Socket.connect(Socket.java:589)
	at java.net.Socket.connect(Socket.java:538)
	at sun.net.NetworkClient.doConnect(NetworkClient.java:180)
	at sun.net.www.http.HttpClient.openServer(HttpClient.java:432)
	at sun.net.www.http.HttpClient.openServer(HttpClient.java:527)
	at sun.net.www.http.HttpClient.<init>(HttpClient.java:211)
	at sun.net.www.http.HttpClient.New(HttpClient.java:308)
	at sun.net.www.http.HttpClient.New(HttpClient.java:326)
	at sun.net.www.protocol.http.HttpURLConnection.getNewHttpClient(HttpURLConnection.java:1168)
	at sun.net.www.protocol.http.HttpURLConnection.plainConnect0(HttpURLConnection.java:1104)
	at sun.net.www.protocol.http.HttpURLConnection.plainConnect(HttpURLConnection.java:998)
	at sun.net.www.protocol.http.HttpURLConnection.connect(HttpURLConnection.java:932)
	at sun.net.www.protocol.http.HttpURLConnection.getOutputStream0(HttpURLConnection.java:1282)
	at sun.net.www.protocol.http.HttpURLConnection.getOutputStream(HttpURLConnection.java:1257)
	at com.sun.jersey.client.urlconnection.URLConnectionClientHandler$1$1.getOutputStream(URLConnectionClientHandler.java:238)
	at com.sun.jersey.api.client.CommittingOutputStream.commitStream(CommittingOutputStream.java:117)
	at com.sun.jersey.api.client.CommittingOutputStream.write(CommittingOutputStream.java:89)
	at sun.nio.cs.StreamEncoder.writeBytes(StreamEncoder.java:221)
	at sun.nio.cs.StreamEncoder.implFlushBuffer(StreamEncoder.java:291)
	at sun.nio.cs.StreamEncoder.implFlush(StreamEncoder.java:295)
	at sun.nio.cs.StreamEncoder.flush(StreamEncoder.java:141)
	at java.io.OutputStreamWriter.flush(OutputStreamWriter.java:229)
	at com.sun.jersey.json.impl.writer.JsonXmlStreamWriter.flush(JsonXmlStreamWriter.java:195)
	at com.sun.xml.bind.v2.runtime.output.XMLStreamWriterOutput.endDocument(XMLStreamWriterOutput.java:112)
	at com.sun.xml.bind.v2.runtime.XMLSerializer.endDocument(XMLSerializer.java:856)
	at com.sun.xml.bind.v2.runtime.MarshallerImpl.postwrite(MarshallerImpl.java:374)
	at com.sun.xml.bind.v2.runtime.MarshallerImpl.write(MarshallerImpl.java:321)
	at com.sun.xml.bind.v2.runtime.MarshallerImpl.marshal(MarshallerImpl.java:177)
	at com.sun.jersey.json.impl.BaseJSONMarshaller.marshallToJSON(BaseJSONMarshaller.java:106)
	at com.sun.jersey.json.impl.provider.entity.JSONRootElementProvider.writeTo(JSONRootElementProvider.java:168)
	at com.sun.jersey.core.provider.jaxb.AbstractRootElementProvider.writeTo(AbstractRootElementProvider.java:157)
	at com.sun.jersey.api.client.RequestWriter.writeRequestEntity(RequestWriter.java:300)
	at com.sun.jersey.client.urlconnection.URLConnectionClientHandler._invoke(URLConnectionClientHandler.java:217)
	at com.sun.jersey.client.urlconnection.URLConnectionClientHandler.handle(URLConnectionClientHandler.java:153)
	at com.sun.jersey.api.client.Client.handle(Client.java:652)
	at com.sun.jersey.api.client.WebResource.handle(WebResource.java:682)
	at com.sun.jersey.api.client.WebResource.access$200(WebResource.java:74)
	at com.sun.jersey.api.client.WebResource$Builder.post(WebResource.java:570)
	at br.com.mylittlepet.web.service.rest.PetRestTest.testCadastrarPet(PetRestTest.java:43)
]]></error>
  </testcase>
  <testcase name="testInserirFotoAlbum" classname="br.com.mylittlepet.web.service.rest.PetRestTest" time="0"/>
  <testcase name="testCadastrarConsulta" classname="br.com.mylittlepet.web.service.rest.PetRestTest" time="1.029">
    <error message="javax.ws.rs.WebApplicationException: HTTP 500 Internal Server Error" type="com.sun.jersey.api.client.ClientHandlerException"><![CDATA[com.sun.jersey.api.client.ClientHandlerException: javax.ws.rs.WebApplicationException: HTTP 500 Internal Server Error
	at java.net.DualStackPlainSocketImpl.connect0(Native Method)
	at java.net.DualStackPlainSocketImpl.socketConnect(DualStackPlainSocketImpl.java:79)
	at java.net.AbstractPlainSocketImpl.doConnect(AbstractPlainSocketImpl.java:345)
	at java.net.AbstractPlainSocketImpl.connectToAddress(AbstractPlainSocketImpl.java:206)
	at java.net.AbstractPlainSocketImpl.connect(AbstractPlainSocketImpl.java:188)
	at java.net.PlainSocketImpl.connect(PlainSocketImpl.java:172)
	at java.net.SocksSocketImpl.connect(SocksSocketImpl.java:392)
	at java.net.Socket.connect(Socket.java:589)
	at java.net.Socket.connect(Socket.java:538)
	at sun.net.NetworkClient.doConnect(NetworkClient.java:180)
	at sun.net.www.http.HttpClient.openServer(HttpClient.java:432)
	at sun.net.www.http.HttpClient.openServer(HttpClient.java:527)
	at sun.net.www.http.HttpClient.<init>(HttpClient.java:211)
	at sun.net.www.http.HttpClient.New(HttpClient.java:308)
	at sun.net.www.http.HttpClient.New(HttpClient.java:326)
	at sun.net.www.protocol.http.HttpURLConnection.getNewHttpClient(HttpURLConnection.java:1168)
	at sun.net.www.protocol.http.HttpURLConnection.plainConnect0(HttpURLConnection.java:1104)
	at sun.net.www.protocol.http.HttpURLConnection.plainConnect(HttpURLConnection.java:998)
	at sun.net.www.protocol.http.HttpURLConnection.connect(HttpURLConnection.java:932)
	at sun.net.www.protocol.http.HttpURLConnection.getOutputStream0(HttpURLConnection.java:1282)
	at sun.net.www.protocol.http.HttpURLConnection.getOutputStream(HttpURLConnection.java:1257)
	at com.sun.jersey.client.urlconnection.URLConnectionClientHandler$1$1.getOutputStream(URLConnectionClientHandler.java:238)
	at com.sun.jersey.api.client.CommittingOutputStream.commitStream(CommittingOutputStream.java:117)
	at com.sun.jersey.api.client.CommittingOutputStream.write(CommittingOutputStream.java:89)
	at sun.nio.cs.StreamEncoder.writeBytes(StreamEncoder.java:221)
	at sun.nio.cs.StreamEncoder.implFlushBuffer(StreamEncoder.java:291)
	at sun.nio.cs.StreamEncoder.implFlush(StreamEncoder.java:295)
	at sun.nio.cs.StreamEncoder.flush(StreamEncoder.java:141)
	at java.io.OutputStreamWriter.flush(OutputStreamWriter.java:229)
	at com.sun.jersey.json.impl.writer.JsonXmlStreamWriter.flush(JsonXmlStreamWriter.java:195)
	at com.sun.xml.bind.v2.runtime.output.XMLStreamWriterOutput.endDocument(XMLStreamWriterOutput.java:112)
	at com.sun.xml.bind.v2.runtime.XMLSerializer.endDocument(XMLSerializer.java:856)
	at com.sun.xml.bind.v2.runtime.MarshallerImpl.postwrite(MarshallerImpl.java:374)
	at com.sun.xml.bind.v2.runtime.MarshallerImpl.write(MarshallerImpl.java:321)
	at com.sun.xml.bind.v2.runtime.MarshallerImpl.marshal(MarshallerImpl.java:177)
	at com.sun.jersey.json.impl.BaseJSONMarshaller.marshallToJSON(BaseJSONMarshaller.java:106)
	at com.sun.jersey.json.impl.provider.entity.JSONRootElementProvider.writeTo(JSONRootElementProvider.java:168)
	at com.sun.jersey.core.provider.jaxb.AbstractRootElementProvider.writeTo(AbstractRootElementProvider.java:157)
	at com.sun.jersey.api.client.RequestWriter.writeRequestEntity(RequestWriter.java:300)
	at com.sun.jersey.client.urlconnection.URLConnectionClientHandler._invoke(URLConnectionClientHandler.java:217)
	at com.sun.jersey.client.urlconnection.URLConnectionClientHandler.handle(URLConnectionClientHandler.java:153)
	at com.sun.jersey.api.client.Client.handle(Client.java:652)
	at com.sun.jersey.api.client.WebResource.handle(WebResource.java:682)
	at com.sun.jersey.api.client.WebResource.access$200(WebResource.java:74)
	at com.sun.jersey.api.client.WebResource$Builder.post(WebResource.java:570)
	at br.com.mylittlepet.web.service.rest.PetRestTest.testCadastrarConsulta(PetRestTest.java:73)
]]></error>
  </testcase>
  <testcase name="testCadastrarHistorico" classname="br.com.mylittlepet.web.service.rest.PetRestTest" time="1.032">
    <error message="javax.ws.rs.WebApplicationException: HTTP 500 Internal Server Error" type="com.sun.jersey.api.client.ClientHandlerException"><![CDATA[com.sun.jersey.api.client.ClientHandlerException: javax.ws.rs.WebApplicationException: HTTP 500 Internal Server Error
	at java.net.DualStackPlainSocketImpl.connect0(Native Method)
	at java.net.DualStackPlainSocketImpl.socketConnect(DualStackPlainSocketImpl.java:79)
	at java.net.AbstractPlainSocketImpl.doConnect(AbstractPlainSocketImpl.java:345)
	at java.net.AbstractPlainSocketImpl.connectToAddress(AbstractPlainSocketImpl.java:206)
	at java.net.AbstractPlainSocketImpl.connect(AbstractPlainSocketImpl.java:188)
	at java.net.PlainSocketImpl.connect(PlainSocketImpl.java:172)
	at java.net.SocksSocketImpl.connect(SocksSocketImpl.java:392)
	at java.net.Socket.connect(Socket.java:589)
	at java.net.Socket.connect(Socket.java:538)
	at sun.net.NetworkClient.doConnect(NetworkClient.java:180)
	at sun.net.www.http.HttpClient.openServer(HttpClient.java:432)
	at sun.net.www.http.HttpClient.openServer(HttpClient.java:527)
	at sun.net.www.http.HttpClient.<init>(HttpClient.java:211)
	at sun.net.www.http.HttpClient.New(HttpClient.java:308)
	at sun.net.www.http.HttpClient.New(HttpClient.java:326)
	at sun.net.www.protocol.http.HttpURLConnection.getNewHttpClient(HttpURLConnection.java:1168)
	at sun.net.www.protocol.http.HttpURLConnection.plainConnect0(HttpURLConnection.java:1104)
	at sun.net.www.protocol.http.HttpURLConnection.plainConnect(HttpURLConnection.java:998)
	at sun.net.www.protocol.http.HttpURLConnection.connect(HttpURLConnection.java:932)
	at sun.net.www.protocol.http.HttpURLConnection.getOutputStream0(HttpURLConnection.java:1282)
	at sun.net.www.protocol.http.HttpURLConnection.getOutputStream(HttpURLConnection.java:1257)
	at com.sun.jersey.client.urlconnection.URLConnectionClientHandler$1$1.getOutputStream(URLConnectionClientHandler.java:238)
	at com.sun.jersey.api.client.CommittingOutputStream.commitStream(CommittingOutputStream.java:117)
	at com.sun.jersey.api.client.CommittingOutputStream.write(CommittingOutputStream.java:89)
	at sun.nio.cs.StreamEncoder.writeBytes(StreamEncoder.java:221)
	at sun.nio.cs.StreamEncoder.implFlushBuffer(StreamEncoder.java:291)
	at sun.nio.cs.StreamEncoder.implFlush(StreamEncoder.java:295)
	at sun.nio.cs.StreamEncoder.flush(StreamEncoder.java:141)
	at java.io.OutputStreamWriter.flush(OutputStreamWriter.java:229)
	at com.sun.jersey.json.impl.writer.JsonXmlStreamWriter.flush(JsonXmlStreamWriter.java:195)
	at com.sun.xml.bind.v2.runtime.output.XMLStreamWriterOutput.endDocument(XMLStreamWriterOutput.java:112)
	at com.sun.xml.bind.v2.runtime.XMLSerializer.endDocument(XMLSerializer.java:856)
	at com.sun.xml.bind.v2.runtime.MarshallerImpl.postwrite(MarshallerImpl.java:374)
	at com.sun.xml.bind.v2.runtime.MarshallerImpl.write(MarshallerImpl.java:321)
	at com.sun.xml.bind.v2.runtime.MarshallerImpl.marshal(MarshallerImpl.java:177)
	at com.sun.jersey.json.impl.BaseJSONMarshaller.marshallToJSON(BaseJSONMarshaller.java:106)
	at com.sun.jersey.json.impl.provider.entity.JSONRootElementProvider.writeTo(JSONRootElementProvider.java:168)
	at com.sun.jersey.core.provider.jaxb.AbstractRootElementProvider.writeTo(AbstractRootElementProvider.java:157)
	at com.sun.jersey.api.client.RequestWriter.writeRequestEntity(RequestWriter.java:300)
	at com.sun.jersey.client.urlconnection.URLConnectionClientHandler._invoke(URLConnectionClientHandler.java:217)
	at com.sun.jersey.client.urlconnection.URLConnectionClientHandler.handle(URLConnectionClientHandler.java:153)
	at com.sun.jersey.api.client.Client.handle(Client.java:652)
	at com.sun.jersey.api.client.WebResource.handle(WebResource.java:682)
	at com.sun.jersey.api.client.WebResource.access$200(WebResource.java:74)
	at com.sun.jersey.api.client.WebResource$Builder.post(WebResource.java:570)
	at br.com.mylittlepet.web.service.rest.PetRestTest.testCadastrarHistorico(PetRestTest.java:58)
]]></error>
  </testcase>
  <testcase name="testCadastrarVacina" classname="br.com.mylittlepet.web.service.rest.PetRestTest" time="1.05">
    <error message="javax.ws.rs.WebApplicationException: HTTP 500 Internal Server Error" type="com.sun.jersey.api.client.ClientHandlerException"><![CDATA[com.sun.jersey.api.client.ClientHandlerException: javax.ws.rs.WebApplicationException: HTTP 500 Internal Server Error
	at java.net.DualStackPlainSocketImpl.connect0(Native Method)
	at java.net.DualStackPlainSocketImpl.socketConnect(DualStackPlainSocketImpl.java:79)
	at java.net.AbstractPlainSocketImpl.doConnect(AbstractPlainSocketImpl.java:345)
	at java.net.AbstractPlainSocketImpl.connectToAddress(AbstractPlainSocketImpl.java:206)
	at java.net.AbstractPlainSocketImpl.connect(AbstractPlainSocketImpl.java:188)
	at java.net.PlainSocketImpl.connect(PlainSocketImpl.java:172)
	at java.net.SocksSocketImpl.connect(SocksSocketImpl.java:392)
	at java.net.Socket.connect(Socket.java:589)
	at java.net.Socket.connect(Socket.java:538)
	at sun.net.NetworkClient.doConnect(NetworkClient.java:180)
	at sun.net.www.http.HttpClient.openServer(HttpClient.java:432)
	at sun.net.www.http.HttpClient.openServer(HttpClient.java:527)
	at sun.net.www.http.HttpClient.<init>(HttpClient.java:211)
	at sun.net.www.http.HttpClient.New(HttpClient.java:308)
	at sun.net.www.http.HttpClient.New(HttpClient.java:326)
	at sun.net.www.protocol.http.HttpURLConnection.getNewHttpClient(HttpURLConnection.java:1168)
	at sun.net.www.protocol.http.HttpURLConnection.plainConnect0(HttpURLConnection.java:1104)
	at sun.net.www.protocol.http.HttpURLConnection.plainConnect(HttpURLConnection.java:998)
	at sun.net.www.protocol.http.HttpURLConnection.connect(HttpURLConnection.java:932)
	at sun.net.www.protocol.http.HttpURLConnection.getOutputStream0(HttpURLConnection.java:1282)
	at sun.net.www.protocol.http.HttpURLConnection.getOutputStream(HttpURLConnection.java:1257)
	at com.sun.jersey.client.urlconnection.URLConnectionClientHandler$1$1.getOutputStream(URLConnectionClientHandler.java:238)
	at com.sun.jersey.api.client.CommittingOutputStream.commitStream(CommittingOutputStream.java:117)
	at com.sun.jersey.api.client.CommittingOutputStream.write(CommittingOutputStream.java:89)
	at sun.nio.cs.StreamEncoder.writeBytes(StreamEncoder.java:221)
	at sun.nio.cs.StreamEncoder.implFlushBuffer(StreamEncoder.java:291)
	at sun.nio.cs.StreamEncoder.implFlush(StreamEncoder.java:295)
	at sun.nio.cs.StreamEncoder.flush(StreamEncoder.java:141)
	at java.io.OutputStreamWriter.flush(OutputStreamWriter.java:229)
	at com.sun.jersey.json.impl.writer.JsonXmlStreamWriter.flush(JsonXmlStreamWriter.java:195)
	at com.sun.xml.bind.v2.runtime.output.XMLStreamWriterOutput.endDocument(XMLStreamWriterOutput.java:112)
	at com.sun.xml.bind.v2.runtime.XMLSerializer.endDocument(XMLSerializer.java:856)
	at com.sun.xml.bind.v2.runtime.MarshallerImpl.postwrite(MarshallerImpl.java:374)
	at com.sun.xml.bind.v2.runtime.MarshallerImpl.write(MarshallerImpl.java:321)
	at com.sun.xml.bind.v2.runtime.MarshallerImpl.marshal(MarshallerImpl.java:177)
	at com.sun.jersey.json.impl.BaseJSONMarshaller.marshallToJSON(BaseJSONMarshaller.java:106)
	at com.sun.jersey.json.impl.provider.entity.JSONRootElementProvider.writeTo(JSONRootElementProvider.java:168)
	at com.sun.jersey.core.provider.jaxb.AbstractRootElementProvider.writeTo(AbstractRootElementProvider.java:157)
	at com.sun.jersey.api.client.RequestWriter.writeRequestEntity(RequestWriter.java:300)
	at com.sun.jersey.client.urlconnection.URLConnectionClientHandler._invoke(URLConnectionClientHandler.java:217)
	at com.sun.jersey.client.urlconnection.URLConnectionClientHandler.handle(URLConnectionClientHandler.java:153)
	at com.sun.jersey.api.client.Client.handle(Client.java:652)
	at com.sun.jersey.api.client.WebResource.handle(WebResource.java:682)
	at com.sun.jersey.api.client.WebResource.access$200(WebResource.java:74)
	at com.sun.jersey.api.client.WebResource$Builder.post(WebResource.java:570)
	at br.com.mylittlepet.web.service.rest.PetRestTest.testCadastrarVacina(PetRestTest.java:94)
]]></error>
  </testcase>
</testsuite>